This is e-pTeX, Version 3.14159265-p3.8.1-180226-2.6 (utf8.euc) (TeX Live 2018) (preloaded format=platex 2019.4.29)  7 MAY 2020 16:30
entering extended mode
 restricted \write18 enabled.
 %&-line parsing enabled.
**eop1_02_09501527.tex
(./eop1_02_09501527.tex
pLaTeX2e <2018-12-01> (based on LaTeX2e <2018-12-01>)
(/usr/local/texlive/2018/texmf-dist/tex/latex/bxjscls/bxjsarticle.cls
Document Class: bxjsarticle 2019/01/13 v1.9e BXJS document classes
(/usr/local/texlive/2018/texmf-dist/tex/latex/tools/calc.sty
Package: calc 2017/05/25 v4.3 Infix arithmetic (KKT,FJ)
\calc@Acount=\count83
\calc@Bcount=\count84
\calc@Adimen=\dimen118
\calc@Bdimen=\dimen119
\calc@Askip=\skip41
\calc@Bskip=\skip42
LaTeX Info: Redefining \setlength on input line 80.
LaTeX Info: Redefining \addtolength on input line 81.
\calc@Ccount=\count85
\calc@Cskip=\skip43
)
(/usr/local/texlive/2018/texmf-dist/tex/latex/graphics/keyval.sty
Package: keyval 2014/10/28 v1.15 key=value parser (DPC)
\KV@toks@=\toks15
)
(/usr/local/texlive/2018/texmf-dist/tex/latex/bxjscls/bxjscompat.sty
Package: bxjscompat 2019/01/13 v1.9e BXJS document classes
)
(/usr/local/texlive/2018/texmf-dist/tex/generic/oberdiek/ifpdf.sty
Package: ifpdf 2018/09/07 v3.3 Provides the ifpdf switch
)
\stockwidth=\dimen120
\stockheight=\dimen121
\jsc@mpt=\dimen122
\jsc@mmm=\dimen123
\jsZw=\dimen124
\jsc@smallskipamount=\skip44
\fullwidth=\dimen125

(/usr/local/texlive/2018/texmf-dist/tex/latex/geometry/geometry.sty
Package: geometry 2018/04/16 v5.8 Page Geometry

(/usr/local/texlive/2018/texmf-dist/tex/generic/oberdiek/ifvtex.sty
Package: ifvtex 2016/05/16 v1.6 Detect VTeX and its facilities (HO)
Package ifvtex Info: VTeX not detected.
)
(/usr/local/texlive/2018/texmf-dist/tex/generic/ifxetex/ifxetex.sty
Package: ifxetex 2010/09/12 v0.6 Provides ifxetex conditional
)
\Gm@cnth=\count86
\Gm@cntv=\count87
\c@Gm@tempcnt=\count88
\Gm@bindingoffset=\dimen126
\Gm@wd@mp=\dimen127
\Gm@odd@mp=\dimen128
\Gm@even@mp=\dimen129
\Gm@layoutwidth=\dimen130
\Gm@layoutheight=\dimen131
\Gm@layouthoffset=\dimen132
\Gm@layoutvoffset=\dimen133
\Gm@dimlist=\toks16
)
\c@part=\count89
\c@section=\count90
\c@subsection=\count91
\c@subsubsection=\count92
\c@paragraph=\count93
\c@subparagraph=\count94
\@abstractbox=\box43
\c@figure=\count95
\c@table=\count96
\abovecaptionskip=\skip45
\belowcaptionskip=\skip46
\jsc@tocl@width=\dimen134
\@lnumwidth=\dimen135
\bibindent=\dimen136

(/usr/local/texlive/2018/texmf-dist/tex/latex/bxwareki/bxwareki.sty
Package: bxwareki 2018/10/01 v0.4
\c@warekiyear=\count97

(/usr/local/texlive/2018/texmf-dist/tex/latex/bxwareki/bxwareki-cd.def
File: bxwareki-cd.def 2018/10/01 v0.4
))
(/usr/local/texlive/2018/texmf-dist/tex/latex/bxjscls/bxjsja-standard.def
File: bxjsja-standard.def 2019/01/13 v1.9e BXJS document classes

(/usr/local/texlive/2018/texmf-dist/tex/latex/bxjscls/bxjsja-minimal.def
File: bxjsja-minimal.def 2019/01/13 v1.9e BXJS document classes
LaTeX Info: Redefining \rmfamily on input line 198.
LaTeX Info: Redefining \sffamily on input line 201.
LaTeX Info: Redefining \ttfamily on input line 204.
LaTeX Info: Redefining \textmc on input line 208.
LaTeX Info: Redefining \textgt on input line 209.
LaTeX Font Info:    Font shape `JT1/mc/m/n' will be
(Font)              scaled to size 9.61014pt on input line 213.
LaTeX Font Info:    Font shape `JY1/mc/m/n' will be
(Font)              scaled to size 9.61014pt on input line 213.
)
\symmincho=\mathgroup4
LaTeX Font Info:    Overwriting symbol font `mincho' in version `bold'
(Font)                  JY1/mc/m/n --> JY1/gt/m/n on input line 399.
LaTeX Info: Redefining \textmc on input line 667.
LaTeX Info: Redefining \textgt on input line 668.
))
(/usr/local/texlive/2018/texmf-dist/tex/latex/graphics/graphicx.sty
Package: graphicx 2017/06/01 v1.1a Enhanced LaTeX Graphics (DPC,SPQR)

(/usr/local/texlive/2018/texmf-dist/tex/latex/graphics/graphics.sty
Package: graphics 2017/06/25 v1.2c Standard LaTeX Graphics (DPC,SPQR)

(/usr/local/texlive/2018/texmf-dist/tex/latex/graphics/trig.sty
Package: trig 2016/01/03 v1.10 sin cos tan (DPC)
)
(/usr/local/texlive/2018/texmf-dist/tex/latex/graphics-cfg/graphics.cfg
File: graphics.cfg 2016/06/04 v1.11 sample graphics configuration
)
Package graphics Info: Driver file: dvipdfmx.def on input line 99.

(/usr/local/texlive/2018/texmf-dist/tex/latex/graphics-def/dvipdfmx.def
File: dvipdfmx.def 2017/06/24 v5.0g Graphics/color driver for dvipdfmx
))
\Gin@req@height=\dimen137
\Gin@req@width=\dimen138
)
(/usr/local/texlive/2018/texmf-dist/tex/latex/fancyvrb/fancyvrb.sty
Package: fancyvrb 2019/01/15

Style option: `fancyvrb' v3.2a <2019/01/15> (tvz)
\FV@CodeLineNo=\count98
\FV@InFile=\read1
\FV@TabBox=\box44
\c@FancyVerbLine=\count99
\FV@StepNumber=\count100
\FV@OutFile=\write3
) (./eop1_02_09501527.aux)
\openout1 = `eop1_02_09501527.aux'.

LaTeX Font Info:    Checking defaults for OML/cmm/m/it on input line 37.
LaTeX Font Info:    ... okay on input line 37.
LaTeX Font Info:    Checking defaults for T1/cmr/m/n on input line 37.
LaTeX Font Info:    ... okay on input line 37.
LaTeX Font Info:    Checking defaults for OT1/cmr/m/n on input line 37.
LaTeX Font Info:    ... okay on input line 37.
LaTeX Font Info:    Checking defaults for OMS/cmsy/m/n on input line 37.
LaTeX Font Info:    ... okay on input line 37.
LaTeX Font Info:    Checking defaults for OMX/cmex/m/n on input line 37.
LaTeX Font Info:    ... okay on input line 37.
LaTeX Font Info:    Checking defaults for U/cmr/m/n on input line 37.
LaTeX Font Info:    ... okay on input line 37.
LaTeX Font Info:    Checking defaults for JY1/mc/m/n on input line 37.
LaTeX Font Info:    ... okay on input line 37.
LaTeX Font Info:    Checking defaults for JT1/mc/m/n on input line 37.
LaTeX Font Info:    ... okay on input line 37.

*geometry* detected driver: dvipdfm
*geometry* verbose mode - [ preamble ] result:
* driver: dvipdfm
* paper: a4paper
* layout: <same size as paper>
* layoutoffset:(h,v)=(0.0pt,0.0pt)
* modes: 
* h-part:(L,W,R)=(64.96059pt, 467.5867pt, 64.96059pt)
* v-part:(T,H,B)=(64.96059pt, 715.12567pt, 64.96059pt)
* \paperwidth=654.26651pt
* \paperheight=925.30975pt
* \textwidth=467.5867pt
* \textheight=715.12567pt
* \oddsidemargin=-7.3094pt
* \evensidemargin=-7.3094pt
* \topmargin=-7.3094pt
* \headheight=0.0pt
* \headsep=0.0pt
* \topskip=10.0pt
* \footskip=25.98424pt
* \marginparwidth=0.0pt
* \marginparsep=0.0pt
* \columnsep=18.49426pt
* \skip\footins=16.0pt plus 5.0pt minus 2.0pt
* \hoffset=6.27573pt
* \voffset=6.27573pt
* \mag=1095
* \@twocolumnfalse
* \@twosidefalse
* \@mparswitchfalse
* \@reversemarginfalse
* (1in=72.27pt=25.4mm, 1cm=28.453pt)

LaTeX Font Info:    Font shape `JT1/mc/m/n' will be
(Font)              scaled to size 16.60631pt on input line 38.
LaTeX Font Info:    Font shape `JY1/mc/m/n' will be
(Font)              scaled to size 16.60631pt on input line 38.
LaTeX Font Info:    Font shape `JT1/mc/m/n' will be
(Font)              scaled to size 11.53217pt on input line 38.
LaTeX Font Info:    Font shape `JY1/mc/m/n' will be
(Font)              scaled to size 11.53217pt on input line 38.
LaTeX Font Info:    External font `cmex10' loaded for size
(Font)              <12> on input line 38.
LaTeX Font Info:    External font `cmex10' loaded for size
(Font)              <8> on input line 38.
LaTeX Font Info:    External font `cmex10' loaded for size
(Font)              <6> on input line 38.
LaTeX Font Info:    Font shape `JY1/mc/m/n' will be
(Font)              scaled to size 7.68811pt on input line 38.
LaTeX Font Info:    Font shape `JY1/mc/m/n' will be
(Font)              scaled to size 5.76608pt on input line 38.
LaTeX Font Info:    Font shape `JT1/mc/m/n' will be
(Font)              scaled to size 13.8386pt on input line 46.
LaTeX Font Info:    Font shape `JY1/mc/m/n' will be
(Font)              scaled to size 13.8386pt on input line 46.
LaTeX Font Info:    Font shape `JT1/gt/m/n' will be
(Font)              scaled to size 13.8386pt on input line 46.
LaTeX Font Info:    Font shape `JY1/gt/m/n' will be
(Font)              scaled to size 13.8386pt on input line 46.
LaTeX Font Info:    Font shape `JT1/gt/m/n' will be
(Font)              scaled to size 9.61014pt on input line 58.
LaTeX Font Info:    Font shape `JY1/gt/m/n' will be
(Font)              scaled to size 9.61014pt on input line 58.
LaTeX Font Info:    Font shape `JT1/mc/bx/n' in size <10> not available
(Font)              Font shape `JT1/gt/m/n' tried instead on input line 99.
LaTeX Font Info:    Font shape `JT1/gt/m/n' will be
(Font)              scaled to size 9.61014pt on input line 99.
LaTeX Font Info:    Font shape `JY1/mc/bx/n' in size <10> not available
(Font)              Font shape `JY1/gt/m/n' tried instead on input line 99.
LaTeX Font Info:    Font shape `JY1/gt/m/n' will be
(Font)              scaled to size 9.61014pt on input line 99.
[1

]
LaTeX Font Info:    Font shape `JT1/mc/m/n' will be
(Font)              scaled to size 8.64912pt on input line 120.
LaTeX Font Info:    Font shape `JY1/mc/m/n' will be
(Font)              scaled to size 8.64912pt on input line 120.
LaTeX Font Info:    Font shape `JT1/gt/m/n' will be
(Font)              scaled to size 8.64912pt on input line 120.
LaTeX Font Info:    Font shape `JY1/gt/m/n' will be
(Font)              scaled to size 8.64912pt on input line 120.
LaTeX Font Info:    Font shape `JT1/gt/m/n' will be
(Font)              scaled to size 7.68811pt on input line 121.
LaTeX Font Info:    Font shape `JY1/gt/m/n' will be
(Font)              scaled to size 7.68811pt on input line 121.
LaTeX Font Info:    External font `cmex10' loaded for size
(Font)              <7> on input line 136.
LaTeX Font Info:    External font `cmex10' loaded for size
(Font)              <5> on input line 136.
LaTeX Font Info:    Font shape `JY1/mc/m/n' will be
(Font)              scaled to size 6.7271pt on input line 136.
LaTeX Font Info:    Font shape `JY1/mc/m/n' will be
(Font)              scaled to size 4.80507pt on input line 136.
LaTeX Font Info:    Font shape `JT1/gt/m/n' will be
(Font)              scaled to size 11.53217pt on input line 160.
LaTeX Font Info:    Font shape `JY1/gt/m/n' will be
(Font)              scaled to size 11.53217pt on input line 160.
 [2] [3]
LaTeX Font Info:    Font shape `JT1/gt/bx/n' in size <12> not available
(Font)              Font shape `JT1/gt/m/n' tried instead on input line 321.
LaTeX Font Info:    Font shape `JT1/gt/m/n' will be
(Font)              scaled to size 11.53217pt on input line 321.
LaTeX Font Info:    Font shape `JY1/gt/bx/n' in size <12> not available
(Font)              Font shape `JY1/gt/m/n' tried instead on input line 321.
LaTeX Font Info:    Font shape `JY1/gt/m/n' will be
(Font)              scaled to size 11.53217pt on input line 321.
 [4] [5] [6] (./eop1_02_09501527.aux) ) 
Here is how much of TeX's memory you used:
 2430 strings out of 493226
 35592 string characters out of 6144095
 114675 words of memory out of 5000000
 6418 multiletter control sequences out of 15000+600000
 16439 words of font info for 76 fonts, out of 8000000 for 9000
 934 hyphenation exceptions out of 8191
 26i,8n,31p,613b,519s stack positions out of 5000i,500n,10000p,200000b,80000s

Output written on eop1_02_09501527.dvi (6 pages, 22420 bytes).
